-------------------------------------------------------------------------------
Test set: com.javatechie.function.PingFunctionTest
-------------------------------------------------------------------------------
Tests run: 1, Failures: 0, Errors: 1, Skipped: 0, Time elapsed: 0.680 s <<< FAILURE! -- in com.javatechie.function.PingFunctionTest
com.javatechie.function.PingFunctionTest.testPingFunction -- Time elapsed: 0.670 s <<< ERROR!
java.lang.IllegalStateException: Failed to discover main class. An attempt was made to discover main class as 'MAIN_CLASS' environment variable, system property as well as entry in META-INF/MANIFEST.MF (in that order).
	at org.springframework.cloud.function.utils.FunctionClassUtils.getStartClass(FunctionClassUtils.java:86)
	at org.springframework.cloud.function.utils.FunctionClassUtils.getStartClass(FunctionClassUtils.java:63)
	at org.springframework.cloud.function.adapter.azure.FunctionInvoker.<init>(FunctionInvoker.java:99)
	at com.javatechie.function.PingFunction.<init>(PingFunction.java:7)
	at com.javatechie.function.PingFunctionTest.testPingFunction(PingFunctionTest.java:45)
	at java.base/java.lang.reflect.Method.invoke(Method.java:580)
	at java.base/java.util.ArrayList.forEach(ArrayList.java:1596)
	at java.base/java.util.ArrayList.forEach(ArrayList.java:1596)
Caused by: java.lang.IllegalArgumentException: Failed to locate main class
	at org.springframework.util.Assert.notNull(Assert.java:172)
	at org.springframework.cloud.function.utils.FunctionClassUtils.getStartClass(FunctionClassUtils.java:82)
	... 7 more

