-------------------------------------------------------------------------------
Test set: com.javatechie.function.CourseFunctionTest
-------------------------------------------------------------------------------
Tests run: 5, Failures: 0, Errors: 5, Skipped: 0, Time elapsed: 2.282 s <<< FAILURE! -- in com.javatechie.function.CourseFunctionTest
com.javatechie.function.CourseFunctionTest.deleteCourse_WhenExists_ShouldReturnNoContent -- Time elapsed: 2.139 s <<< ERROR!
java.lang.NullPointerException: Cannot invoke "java.util.logging.Logger.info(String)" because the return value of "com.microsoft.azure.functions.ExecutionContext.getLogger()" is null
	at com.javatechie.function.CourseFunction.deleteCourse(CourseFunction.java:134)
	at com.javatechie.function.CourseFunctionTest.deleteCourse_WhenExists_ShouldReturnNoContent(CourseFunctionTest.java:140)
	at java.base/java.lang.reflect.Method.invoke(Method.java:580)
	at java.base/java.util.ArrayList.forEach(ArrayList.java:1596)
	at java.base/java.util.ArrayList.forEach(ArrayList.java:1596)

com.javatechie.function.CourseFunctionTest.createCourse_ShouldReturnCreatedWithCourse -- Time elapsed: 0.030 s <<< ERROR!
java.lang.NullPointerException: Cannot invoke "java.util.logging.Logger.info(String)" because the return value of "com.microsoft.azure.functions.ExecutionContext.getLogger()" is null
	at com.javatechie.function.CourseFunction.createCourse(CourseFunction.java:81)
	at com.javatechie.function.CourseFunctionTest.createCourse_ShouldReturnCreatedWithCourse(CourseFunctionTest.java:100)
	at java.base/java.lang.reflect.Method.invoke(Method.java:580)
	at java.base/java.util.ArrayList.forEach(ArrayList.java:1596)
	at java.base/java.util.ArrayList.forEach(ArrayList.java:1596)

com.javatechie.function.CourseFunctionTest.getCourseById_WhenExists_ShouldReturnOkWithCourse -- Time elapsed: 0.013 s <<< ERROR!
java.lang.NullPointerException: Cannot invoke "java.util.logging.Logger.info(String)" because the return value of "com.microsoft.azure.functions.ExecutionContext.getLogger()" is null
	at com.javatechie.function.CourseFunction.getCourseById(CourseFunction.java:49)
	at com.javatechie.function.CourseFunctionTest.getCourseById_WhenExists_ShouldReturnOkWithCourse(CourseFunctionTest.java:78)
	at java.base/java.lang.reflect.Method.invoke(Method.java:580)
	at java.base/java.util.ArrayList.forEach(ArrayList.java:1596)
	at java.base/java.util.ArrayList.forEach(ArrayList.java:1596)

com.javatechie.function.CourseFunctionTest.getAllCourses_ShouldReturnOkWithCourses -- Time elapsed: 0.008 s <<< ERROR!
java.lang.NullPointerException: Cannot invoke "java.util.logging.Logger.info(String)" because the return value of "com.microsoft.azure.functions.ExecutionContext.getLogger()" is null
	at com.javatechie.function.CourseFunction.getAllCourses(CourseFunction.java:29)
	at com.javatechie.function.CourseFunctionTest.getAllCourses_ShouldReturnOkWithCourses(CourseFunctionTest.java:57)
	at java.base/java.lang.reflect.Method.invoke(Method.java:580)
	at java.base/java.util.ArrayList.forEach(ArrayList.java:1596)
	at java.base/java.util.ArrayList.forEach(ArrayList.java:1596)

com.javatechie.function.CourseFunctionTest.updateCourse_WhenExists_ShouldReturnOkWithUpdatedCourse -- Time elapsed: 0.023 s <<< ERROR!
java.lang.NullPointerException: Cannot invoke "java.util.logging.Logger.info(String)" because the return value of "com.microsoft.azure.functions.ExecutionContext.getLogger()" is null
	at com.javatechie.function.CourseFunction.updateCourse(CourseFunction.java:108)
	at com.javatechie.function.CourseFunctionTest.updateCourse_WhenExists_ShouldReturnOkWithUpdatedCourse(CourseFunctionTest.java:122)
	at java.base/java.lang.reflect.Method.invoke(Method.java:580)
	at java.base/java.util.ArrayList.forEach(ArrayList.java:1596)
	at java.base/java.util.ArrayList.forEach(ArrayList.java:1596)

