<?xml version="1.0" encoding="UTF-8"?>
<testsuite xmlns:xsi="http://www.w3.org/2001/XMLSchema-instance" xsi:noNamespaceSchemaLocation="https://maven.apache.org/surefire/maven-surefire-plugin/xsd/surefire-test-report-3.0.xsd" version="3.0" name="com.javatechie.integration.CourseIntegrationTest" time="2.159" tests="1" errors="1" skipped="0" failures="0">
  <properties>
[...]
</properties>
  <testcase name="testCourseLifecycle" classname="com.javatechie.integration.CourseIntegrationTest" time="0.472">
    <error message="404 Not Found: [no body]" type="org.springframework.web.client.HttpClientErrorException$NotFound"><![CDATA[org.springframework.web.client.HttpClientErrorException$NotFound: 404 Not Found: [no body]
	at org.springframework.web.client.HttpClientErrorException.create(HttpClientErrorException.java:112)
	at org.springframework.web.client.DefaultResponseErrorHandler.handleError(DefaultResponseErrorHandler.java:183)
	at org.springframework.web.client.DefaultResponseErrorHandler.handleError(DefaultResponseErrorHandler.java:137)
	at org.springframework.web.client.ResponseErrorHandler.handleError(ResponseErrorHandler.java:63)
	at org.springframework.web.client.RestTemplate.handleResponse(RestTemplate.java:942)
	at org.springframework.web.client.RestTemplate.doExecute(RestTemplate.java:891)
	at org.springframework.web.client.RestTemplate.execute(RestTemplate.java:790)
	at org.springframework.web.client.RestTemplate.getForEntity(RestTemplate.java:431)
	at com.javatechie.integration.CourseIntegrationTest.testCourseLifecycle(CourseIntegrationTest.java:61)
	at java.base/java.lang.reflect.Method.invoke(Method.java:580)
	at java.base/java.util.ArrayList.forEach(ArrayList.java:1596)
	at java.base/java.util.ArrayList.forEach(ArrayList.java:1596)
]]></error>
    <system-out><![CDATA[
  .   ____          _            __ _ _
 /\\ / ___'_ __ _ _(_)_ __  __ _ \ \ \ \
( ( )\___ | '_ | '_| | '_ \/ _` | \ \ \ \
 \\/  ___)| |_)| | | | | || (_| |  ) ) ) )
  '  |____| .__|_| |_|_| |_\__, | / / / /
 =========|_|==============|___/=/_/_/_/
 :: Spring Boot ::                (v3.2.6)

2025-06-30 22:22:36.317 [main] INFO  c.j.i.CourseIntegrationTest - Starting CourseIntegrationTest using Java 21.0.7 with PID 11448 (started by yiyli in C:\dev\javaappmod\function\function0630\demo-java-aws-lamda-to-azure\azfunction)
2025-06-30 22:22:36.317 [main] DEBUG c.j.i.CourseIntegrationTest - Running with Spring Boot v3.2.6, Spring v6.1.8
2025-06-30 22:22:36.317 [main] INFO  c.j.i.CourseIntegrationTest - The following 1 profile is active: "test"
2025-06-30 22:22:37.806 [main] INFO  o.s.b.w.e.netty.NettyWebServer - Netty started on port 52167
2025-06-30 22:22:37.810 [main] INFO  c.j.i.CourseIntegrationTest - Started CourseIntegrationTest in 1.567 seconds (process running for 8.301)
]]></system-out>
  </testcase>
</testsuite>