<?xml version="1.0" encoding="UTF-8"?>
<testsuite xmlns:xsi="http://www.w3.org/2001/XMLSchema-instance" xsi:noNamespaceSchemaLocation="https://maven.apache.org/surefire/maven-surefire-plugin/xsd/surefire-test-report-3.0.xsd" version="3.0" name="com.javatechie.function.PingFunctionTest" time="0.68" tests="1" errors="1" skipped="0" failures="0">
  <properties>
[...]
</properties>
  <testcase name="testPingFunction" classname="com.javatechie.function.PingFunctionTest" time="0.67">
    <error message="Failed to discover main class. An attempt was made to discover main class as &apos;MAIN_CLASS&apos; environment variable, system property as well as entry in META-INF/MANIFEST.MF (in that order)." type="java.lang.IllegalStateException"><![CDATA[java.lang.IllegalStateException: Failed to discover main class. An attempt was made to discover main class as 'MAIN_CLASS' environment variable, system property as well as entry in META-INF/MANIFEST.MF (in that order).
	at org.springframework.cloud.function.utils.FunctionClassUtils.getStartClass(FunctionClassUtils.java:86)
	at org.springframework.cloud.function.utils.FunctionClassUtils.getStartClass(FunctionClassUtils.java:63)
	at org.springframework.cloud.function.adapter.azure.FunctionInvoker.<init>(FunctionInvoker.java:99)
	at com.javatechie.function.PingFunction.<init>(PingFunction.java:7)
	at com.javatechie.function.PingFunctionTest.testPingFunction(PingFunctionTest.java:45)
	at java.base/java.lang.reflect.Method.invoke(Method.java:580)
	at java.base/java.util.ArrayList.forEach(ArrayList.java:1596)
	at java.base/java.util.ArrayList.forEach(ArrayList.java:1596)
Caused by: java.lang.IllegalArgumentException: Failed to locate main class
	at org.springframework.util.Assert.notNull(Assert.java:172)
	at org.springframework.cloud.function.utils.FunctionClassUtils.getStartClass(FunctionClassUtils.java:82)
	... 7 more
]]></error>
    <system-out><![CDATA[20:43:28.995 [main] INFO org.springframework.cloud.function.utils.FunctionClassUtils -- Searching for start class in manifest: jar:file:/C:/Users/yiyli/AppData/Local/Temp/surefire5722084422225782177/surefirebooter-20250630204324838_3.jar!/META-INF/MANIFEST.MF
20:43:29.007 [main] INFO org.springframework.cloud.function.utils.FunctionClassUtils -- Searching for start class in manifest: jar:file:/C:/Users/yiyli/.m2/repository/org/apache/maven/surefire/surefire-api/3.1.2/surefire-api-3.1.2.jar!/META-INF/MANIFEST.MF
20:43:29.008 [main] INFO org.springframework.cloud.function.utils.FunctionClassUtils -- Searching for start class in manifest: jar:file:/C:/Users/yiyli/.m2/repository/org/apache/maven/surefire/surefire-booter/3.1.2/surefire-booter-3.1.2.jar!/META-INF/MANIFEST.MF
20:43:29.008 [main] INFO org.springframework.cloud.function.utils.FunctionClassUtils -- Searching for start class in manifest: jar:file:/C:/Users/yiyli/.m2/repository/org/apache/maven/surefire/surefire-extensions-spi/3.1.2/surefire-extensions-spi-3.1.2.jar!/META-INF/MANIFEST.MF
20:43:29.008 [main] INFO org.springframework.cloud.function.utils.FunctionClassUtils -- Searching for start class in manifest: jar:file:/C:/Users/yiyli/.m2/repository/org/apache/maven/surefire/surefire-logger-api/3.1.2/surefire-logger-api-3.1.2.jar!/META-INF/MANIFEST.MF
20:43:29.008 [main] INFO org.springframework.cloud.function.utils.FunctionClassUtils -- Searching for start class in manifest: jar:file:/C:/Users/yiyli/.m2/repository/org/apache/maven/surefire/surefire-shared-utils/3.1.2/surefire-shared-utils-3.1.2.jar!/META-INF/MANIFEST.MF
20:43:29.031 [main] INFO org.springframework.cloud.function.utils.FunctionClassUtils -- Searching for start class in manifest: jar:file:/C:/Users/yiyli/.m2/repository/com/microsoft/azure/functions/azure-functions-java-library/3.0.0/azure-functions-java-library-3.0.0.jar!/META-INF/MANIFEST.MF
20:43:29.039 [main] INFO org.springframework.cloud.function.utils.FunctionClassUtils -- Searching for start class in manifest: jar:file:/C:/Users/yiyli/.m2/repository/com/microsoft/azure/functions/azure-functions-java-core-library/1.2.0/azure-functions-java-core-library-1.2.0.jar!/META-INF/MANIFEST.MF
20:43:29.039 [main] INFO org.springframework.cloud.function.utils.FunctionClassUtils -- Searching for start class in manifest: jar:file:/C:/Users/yiyli/.m2/repository/org/springframework/cloud/spring-cloud-function-adapter-azure/4.0.5/spring-cloud-function-adapter-azure-4.0.5.jar!/META-INF/MANIFEST.MF
20:43:29.039 [main] INFO org.springframework.cloud.function.utils.FunctionClassUtils -- Searching for start class in manifest: jar:file:/C:/Users/yiyli/.m2/repository/org/springframework/cloud/spring-cloud-function-context/4.0.5/spring-cloud-function-context-4.0.5.jar!/META-INF/MANIFEST.MF
20:43:29.039 [main] INFO org.springframework.cloud.function.utils.FunctionClassUtils -- Searching for start class in manifest: jar:file:/C:/Users/yiyli/.m2/repository/net/jodah/typetools/0.6.2/typetools-0.6.2.jar!/META-INF/MANIFEST.MF
20:43:29.039 [main] INFO org.springframework.cloud.function.utils.FunctionClassUtils -- Searching for start class in manifest: jar:file:/C:/Users/yiyli/.m2/repository/org/springframework/cloud/spring-cloud-function-core/4.0.5/spring-cloud-function-core-4.0.5.jar!/META-INF/MANIFEST.MF
20:43:29.039 [main] INFO org.springframework.cloud.function.utils.FunctionClassUtils -- Searching for start class in manifest: jar:file:/C:/Users/yiyli/.m2/repository/org/springframework/spring-messaging/6.1.8/spring-messaging-6.1.8.jar!/META-INF/MANIFEST.MF
20:43:29.043 [main] INFO org.springframework.cloud.function.utils.FunctionClassUtils -- Searching for start class in manifest: jar:file:/C:/Users/yiyli/.m2/repository/com/fasterxml/jackson/core/jackson-databind/2.15.4/jackson-databind-2.15.4.jar!/META-INF/MANIFEST.MF
20:43:29.045 [main] INFO org.springframework.cloud.function.utils.FunctionClassUtils -- Searching for start class in manifest: jar:file:/C:/Users/yiyli/.m2/repository/com/fasterxml/jackson/core/jackson-annotations/2.15.4/jackson-annotations-2.15.4.jar!/META-INF/MANIFEST.MF
20:43:29.046 [main] INFO org.springframework.cloud.function.utils.FunctionClassUtils -- Searching for start class in manifest: jar:file:/C:/Users/yiyli/.m2/repository/com/fasterxml/jackson/core/jackson-core/2.15.4/jackson-core-2.15.4.jar!/META-INF/MANIFEST.MF
20:43:29.047 [main] INFO org.springframework.cloud.function.utils.FunctionClassUtils -- Searching for start class in manifest: jar:file:/C:/Users/yiyli/.m2/repository/io/projectreactor/reactor-core/3.6.6/reactor-core-3.6.6.jar!/META-INF/MANIFEST.MF
20:43:29.048 [main] INFO org.springframework.cloud.function.utils.FunctionClassUtils -- Searching for start class in manifest: jar:file:/C:/Users/yiyli/.m2/repository/org/reactivestreams/reactive-streams/1.0.4/reactive-streams-1.0.4.jar!/META-INF/MANIFEST.MF
20:43:29.055 [main] INFO org.springframework.cloud.function.utils.FunctionClassUtils -- Searching for start class in manifest: jar:file:/C:/Users/yiyli/.m2/repository/com/microsoft/azure/functions/azure-functions-java-spi/1.0.0/azure-functions-java-spi-1.0.0.jar!/META-INF/MANIFEST.MF
20:43:29.055 [main] INFO org.springframework.cloud.function.utils.FunctionClassUtils -- Searching for start class in manifest: jar:file:/C:/Users/yiyli/.m2/repository/org/springframework/boot/spring-boot-starter/3.2.6/spring-boot-starter-3.2.6.jar!/META-INF/MANIFEST.MF
20:43:29.056 [main] INFO org.springframework.cloud.function.utils.FunctionClassUtils -- Searching for start class in manifest: jar:file:/C:/Users/yiyli/.m2/repository/org/springframework/boot/spring-boot/3.2.6/spring-boot-3.2.6.jar!/META-INF/MANIFEST.MF
20:43:29.056 [main] INFO org.springframework.cloud.function.utils.FunctionClassUtils -- Searching for start class in manifest: jar:file:/C:/Users/yiyli/.m2/repository/org/springframework/spring-context/6.1.8/spring-context-6.1.8.jar!/META-INF/MANIFEST.MF
20:43:29.057 [main] INFO org.springframework.cloud.function.utils.FunctionClassUtils -- Searching for start class in manifest: jar:file:/C:/Users/yiyli/.m2/repository/org/springframework/boot/spring-boot-autoconfigure/3.2.6/spring-boot-autoconfigure-3.2.6.jar!/META-INF/MANIFEST.MF
20:43:29.057 [main] INFO org.springframework.cloud.function.utils.FunctionClassUtils -- Searching for start class in manifest: jar:file:/C:/Users/yiyli/.m2/repository/org/springframework/boot/spring-boot-starter-logging/3.2.6/spring-boot-starter-logging-3.2.6.jar!/META-INF/MANIFEST.MF
20:43:29.057 [main] INFO org.springframework.cloud.function.utils.FunctionClassUtils -- Searching for start class in manifest: jar:file:/C:/Users/yiyli/.m2/repository/ch/qos/logback/logback-classic/1.4.14/logback-classic-1.4.14.jar!/META-INF/MANIFEST.MF
20:43:29.057 [main] INFO org.springframework.cloud.function.utils.FunctionClassUtils -- Searching for start class in manifest: jar:file:/C:/Users/yiyli/.m2/repository/ch/qos/logback/logback-core/1.4.14/logback-core-1.4.14.jar!/META-INF/MANIFEST.MF
20:43:29.057 [main] INFO org.springframework.cloud.function.utils.FunctionClassUtils -- Searching for start class in manifest: jar:file:/C:/Users/yiyli/.m2/repository/org/apache/logging/log4j/log4j-to-slf4j/2.21.1/log4j-to-slf4j-2.21.1.jar!/META-INF/MANIFEST.MF
20:43:29.057 [main] INFO org.springframework.cloud.function.utils.FunctionClassUtils -- Searching for start class in manifest: jar:file:/C:/Users/yiyli/.m2/repository/org/apache/logging/log4j/log4j-api/2.21.1/log4j-api-2.21.1.jar!/META-INF/MANIFEST.MF
20:43:29.062 [main] INFO org.springframework.cloud.function.utils.FunctionClassUtils -- Searching for start class in manifest: jar:file:/C:/Users/yiyli/.m2/repository/org/slf4j/jul-to-slf4j/2.0.13/jul-to-slf4j-2.0.13.jar!/META-INF/MANIFEST.MF
20:43:29.062 [main] INFO org.springframework.cloud.function.utils.FunctionClassUtils -- Searching for start class in manifest: jar:file:/C:/Users/yiyli/.m2/repository/jakarta/annotation/jakarta.annotation-api/2.1.1/jakarta.annotation-api-2.1.1.jar!/META-INF/MANIFEST.MF
20:43:29.062 [main] INFO org.springframework.cloud.function.utils.FunctionClassUtils -- Searching for start class in manifest: jar:file:/C:/Users/yiyli/.m2/repository/org/springframework/spring-core/6.1.8/spring-core-6.1.8.jar!/META-INF/MANIFEST.MF
20:43:29.062 [main] INFO org.springframework.cloud.function.utils.FunctionClassUtils -- Searching for start class in manifest: jar:file:/C:/Users/yiyli/.m2/repository/org/springframework/spring-jcl/6.1.8/spring-jcl-6.1.8.jar!/META-INF/MANIFEST.MF
20:43:29.062 [main] INFO org.springframework.cloud.function.utils.FunctionClassUtils -- Searching for start class in manifest: jar:file:/C:/Users/yiyli/.m2/repository/org/yaml/snakeyaml/2.2/snakeyaml-2.2.jar!/META-INF/MANIFEST.MF
20:43:29.064 [main] INFO org.springframework.cloud.function.utils.FunctionClassUtils -- Searching for start class in manifest: jar:file:/C:/Users/yiyli/.m2/repository/org/springframework/boot/spring-boot-starter-web/3.2.6/spring-boot-starter-web-3.2.6.jar!/META-INF/MANIFEST.MF
20:43:29.064 [main] INFO org.springframework.cloud.function.utils.FunctionClassUtils -- Searching for start class in manifest: jar:file:/C:/Users/yiyli/.m2/repository/org/springframework/boot/spring-boot-starter-json/3.2.6/spring-boot-starter-json-3.2.6.jar!/META-INF/MANIFEST.MF
20:43:29.064 [main] INFO org.springframework.cloud.function.utils.FunctionClassUtils -- Searching for start class in manifest: jar:file:/C:/Users/yiyli/.m2/repository/com/fasterxml/jackson/datatype/jackson-datatype-jdk8/2.15.4/jackson-datatype-jdk8-2.15.4.jar!/META-INF/MANIFEST.MF
20:43:29.066 [main] INFO org.springframework.cloud.function.utils.FunctionClassUtils -- Searching for start class in manifest: jar:file:/C:/Users/yiyli/.m2/repository/com/fasterxml/jackson/datatype/jackson-datatype-jsr310/2.15.4/jackson-datatype-jsr310-2.15.4.jar!/META-INF/MANIFEST.MF
20:43:29.067 [main] INFO org.springframework.cloud.function.utils.FunctionClassUtils -- Searching for start class in manifest: jar:file:/C:/Users/yiyli/.m2/repository/com/fasterxml/jackson/module/jackson-module-parameter-names/2.15.4/jackson-module-parameter-names-2.15.4.jar!/META-INF/MANIFEST.MF
20:43:29.067 [main] INFO org.springframework.cloud.function.utils.FunctionClassUtils -- Searching for start class in manifest: jar:file:/C:/Users/yiyli/.m2/repository/org/springframework/spring-web/6.1.8/spring-web-6.1.8.jar!/META-INF/MANIFEST.MF
20:43:29.068 [main] INFO org.springframework.cloud.function.utils.FunctionClassUtils -- Searching for start class in manifest: jar:file:/C:/Users/yiyli/.m2/repository/org/springframework/spring-beans/6.1.8/spring-beans-6.1.8.jar!/META-INF/MANIFEST.MF
20:43:29.068 [main] INFO org.springframework.cloud.function.utils.FunctionClassUtils -- Searching for start class in manifest: jar:file:/C:/Users/yiyli/.m2/repository/io/micrometer/micrometer-observation/1.12.6/micrometer-observation-1.12.6.jar!/META-INF/MANIFEST.MF
20:43:29.068 [main] INFO org.springframework.cloud.function.utils.FunctionClassUtils -- Searching for start class in manifest: jar:file:/C:/Users/yiyli/.m2/repository/io/micrometer/micrometer-commons/1.12.6/micrometer-commons-1.12.6.jar!/META-INF/MANIFEST.MF
20:43:29.068 [main] INFO org.springframework.cloud.function.utils.FunctionClassUtils -- Searching for start class in manifest: jar:file:/C:/Users/yiyli/.m2/repository/org/springframework/spring-webmvc/6.1.8/spring-webmvc-6.1.8.jar!/META-INF/MANIFEST.MF
20:43:29.070 [main] INFO org.springframework.cloud.function.utils.FunctionClassUtils -- Searching for start class in manifest: jar:file:/C:/Users/yiyli/.m2/repository/org/springframework/spring-aop/6.1.8/spring-aop-6.1.8.jar!/META-INF/MANIFEST.MF
20:43:29.070 [main] INFO org.springframework.cloud.function.utils.FunctionClassUtils -- Searching for start class in manifest: jar:file:/C:/Users/yiyli/.m2/repository/org/springframework/spring-expression/6.1.8/spring-expression-6.1.8.jar!/META-INF/MANIFEST.MF
20:43:29.071 [main] INFO org.springframework.cloud.function.utils.FunctionClassUtils -- Searching for start class in manifest: jar:file:/C:/Users/yiyli/.m2/repository/org/projectlombok/lombok/1.18.32/lombok-1.18.32.jar!/META-INF/MANIFEST.MF
20:43:29.071 [main] INFO org.springframework.cloud.function.utils.FunctionClassUtils -- Searching for start class in manifest: jar:file:/C:/Users/yiyli/.m2/repository/org/springframework/boot/spring-boot-starter-test/3.2.6/spring-boot-starter-test-3.2.6.jar!/META-INF/MANIFEST.MF
20:43:29.071 [main] INFO org.springframework.cloud.function.utils.FunctionClassUtils -- Searching for start class in manifest: jar:file:/C:/Users/yiyli/.m2/repository/org/springframework/boot/spring-boot-test/3.2.6/spring-boot-test-3.2.6.jar!/META-INF/MANIFEST.MF
20:43:29.071 [main] INFO org.springframework.cloud.function.utils.FunctionClassUtils -- Searching for start class in manifest: jar:file:/C:/Users/yiyli/.m2/repository/org/springframework/boot/spring-boot-test-autoconfigure/3.2.6/spring-boot-test-autoconfigure-3.2.6.jar!/META-INF/MANIFEST.MF
20:43:29.073 [main] INFO org.springframework.cloud.function.utils.FunctionClassUtils -- Searching for start class in manifest: jar:file:/C:/Users/yiyli/.m2/repository/com/jayway/jsonpath/json-path/2.9.0/json-path-2.9.0.jar!/META-INF/MANIFEST.MF
20:43:29.073 [main] INFO org.springframework.cloud.function.utils.FunctionClassUtils -- Searching for start class in manifest: jar:file:/C:/Users/yiyli/.m2/repository/org/slf4j/slf4j-api/2.0.13/slf4j-api-2.0.13.jar!/META-INF/MANIFEST.MF
20:43:29.073 [main] INFO org.springframework.cloud.function.utils.FunctionClassUtils -- Searching for start class in manifest: jar:file:/C:/Users/yiyli/.m2/repository/jakarta/xml/bind/jakarta.xml.bind-api/4.0.2/jakarta.xml.bind-api-4.0.2.jar!/META-INF/MANIFEST.MF
20:43:29.073 [main] INFO org.springframework.cloud.function.utils.FunctionClassUtils -- Searching for start class in manifest: jar:file:/C:/Users/yiyli/.m2/repository/jakarta/activation/jakarta.activation-api/2.1.3/jakarta.activation-api-2.1.3.jar!/META-INF/MANIFEST.MF
20:43:29.073 [main] INFO org.springframework.cloud.function.utils.FunctionClassUtils -- Searching for start class in manifest: jar:file:/C:/Users/yiyli/.m2/repository/net/minidev/json-smart/2.5.1/json-smart-2.5.1.jar!/META-INF/MANIFEST.MF
20:43:29.073 [main] INFO org.springframework.cloud.function.utils.FunctionClassUtils -- Searching for start class in manifest: jar:file:/C:/Users/yiyli/.m2/repository/net/minidev/accessors-smart/2.5.1/accessors-smart-2.5.1.jar!/META-INF/MANIFEST.MF
20:43:29.073 [main] INFO org.springframework.cloud.function.utils.FunctionClassUtils -- Searching for start class in manifest: jar:file:/C:/Users/yiyli/.m2/repository/org/ow2/asm/asm/9.6/asm-9.6.jar!/META-INF/MANIFEST.MF
20:43:29.081 [main] INFO org.springframework.cloud.function.utils.FunctionClassUtils -- Searching for start class in manifest: jar:file:/C:/Users/yiyli/.m2/repository/org/assertj/assertj-core/3.24.2/assertj-core-3.24.2.jar!/META-INF/MANIFEST.MF
20:43:29.083 [main] INFO org.springframework.cloud.function.utils.FunctionClassUtils -- Searching for start class in manifest: jar:file:/C:/Users/yiyli/.m2/repository/net/bytebuddy/byte-buddy/1.14.16/byte-buddy-1.14.16.jar!/META-INF/MANIFEST.MF
20:43:29.126 [main] INFO org.springframework.cloud.function.utils.FunctionClassUtils -- Searching for start class in manifest: jar:file:/C:/Users/yiyli/.m2/repository/org/awaitility/awaitility/4.2.1/awaitility-4.2.1.jar!/META-INF/MANIFEST.MF
20:43:29.127 [main] INFO org.springframework.cloud.function.utils.FunctionClassUtils -- Searching for start class in manifest: jar:file:/C:/Users/yiyli/.m2/repository/org/hamcrest/hamcrest/2.2/hamcrest-2.2.jar!/META-INF/MANIFEST.MF
20:43:29.128 [main] INFO org.springframework.cloud.function.utils.FunctionClassUtils -- Searching for start class in manifest: jar:file:/C:/Users/yiyli/.m2/repository/org/mockito/mockito-core/5.7.0/mockito-core-5.7.0.jar!/META-INF/MANIFEST.MF
20:43:29.128 [main] INFO org.springframework.cloud.function.utils.FunctionClassUtils -- Searching for start class in manifest: jar:file:/C:/Users/yiyli/.m2/repository/net/bytebuddy/byte-buddy-agent/1.14.16/byte-buddy-agent-1.14.16.jar!/META-INF/MANIFEST.MF
20:43:29.129 [main] INFO org.springframework.cloud.function.utils.FunctionClassUtils -- Searching for start class in manifest: jar:file:/C:/Users/yiyli/.m2/repository/org/objenesis/objenesis/3.3/objenesis-3.3.jar!/META-INF/MANIFEST.MF
20:43:29.129 [main] INFO org.springframework.cloud.function.utils.FunctionClassUtils -- Searching for start class in manifest: jar:file:/C:/Users/yiyli/.m2/repository/org/mockito/mockito-junit-jupiter/5.7.0/mockito-junit-jupiter-5.7.0.jar!/META-INF/MANIFEST.MF
20:43:29.130 [main] INFO org.springframework.cloud.function.utils.FunctionClassUtils -- Searching for start class in manifest: jar:file:/C:/Users/yiyli/.m2/repository/org/skyscreamer/jsonassert/1.5.1/jsonassert-1.5.1.jar!/META-INF/MANIFEST.MF
20:43:29.130 [main] INFO org.springframework.cloud.function.utils.FunctionClassUtils -- Searching for start class in manifest: jar:file:/C:/Users/yiyli/.m2/repository/com/vaadin/external/google/android-json/0.0.20131108.vaadin1/android-json-0.0.20131108.vaadin1.jar!/META-INF/MANIFEST.MF
20:43:29.131 [main] INFO org.springframework.cloud.function.utils.FunctionClassUtils -- Searching for start class in manifest: jar:file:/C:/Users/yiyli/.m2/repository/org/springframework/spring-test/6.1.8/spring-test-6.1.8.jar!/META-INF/MANIFEST.MF
20:43:29.131 [main] INFO org.springframework.cloud.function.utils.FunctionClassUtils -- Searching for start class in manifest: jar:file:/C:/Users/yiyli/.m2/repository/org/xmlunit/xmlunit-core/2.9.1/xmlunit-core-2.9.1.jar!/META-INF/MANIFEST.MF
20:43:29.131 [main] INFO org.springframework.cloud.function.utils.FunctionClassUtils -- Searching for start class in manifest: jar:file:/C:/Users/yiyli/.m2/repository/org/junit/jupiter/junit-jupiter/5.10.2/junit-jupiter-5.10.2.jar!/META-INF/MANIFEST.MF
20:43:29.131 [main] INFO org.springframework.cloud.function.utils.FunctionClassUtils -- Searching for start class in manifest: jar:file:/C:/Users/yiyli/.m2/repository/org/junit/jupiter/junit-jupiter-api/5.10.2/junit-jupiter-api-5.10.2.jar!/META-INF/MANIFEST.MF
20:43:29.131 [main] INFO org.springframework.cloud.function.utils.FunctionClassUtils -- Searching for start class in manifest: jar:file:/C:/Users/yiyli/.m2/repository/org/opentest4j/opentest4j/1.3.0/opentest4j-1.3.0.jar!/META-INF/MANIFEST.MF
20:43:29.131 [main] INFO org.springframework.cloud.function.utils.FunctionClassUtils -- Searching for start class in manifest: jar:file:/C:/Users/yiyli/.m2/repository/org/junit/platform/junit-platform-commons/1.10.2/junit-platform-commons-1.10.2.jar!/META-INF/MANIFEST.MF
20:43:29.131 [main] INFO org.springframework.cloud.function.utils.FunctionClassUtils -- Searching for start class in manifest: jar:file:/C:/Users/yiyli/.m2/repository/org/apiguardian/apiguardian-api/1.1.2/apiguardian-api-1.1.2.jar!/META-INF/MANIFEST.MF
20:43:29.131 [main] INFO org.springframework.cloud.function.utils.FunctionClassUtils -- Searching for start class in manifest: jar:file:/C:/Users/yiyli/.m2/repository/org/junit/jupiter/junit-jupiter-params/5.10.2/junit-jupiter-params-5.10.2.jar!/META-INF/MANIFEST.MF
20:43:29.131 [main] INFO org.springframework.cloud.function.utils.FunctionClassUtils -- Searching for start class in manifest: jar:file:/C:/Users/yiyli/.m2/repository/org/junit/jupiter/junit-jupiter-engine/5.10.2/junit-jupiter-engine-5.10.2.jar!/META-INF/MANIFEST.MF
20:43:29.131 [main] INFO org.springframework.cloud.function.utils.FunctionClassUtils -- Searching for start class in manifest: jar:file:/C:/Users/yiyli/.m2/repository/org/junit/platform/junit-platform-engine/1.10.2/junit-platform-engine-1.10.2.jar!/META-INF/MANIFEST.MF
20:43:29.131 [main] INFO org.springframework.cloud.function.utils.FunctionClassUtils -- Searching for start class in manifest: jar:file:/C:/Users/yiyli/.m2/repository/org/apache/maven/surefire/surefire-junit-platform/3.1.2/surefire-junit-platform-3.1.2.jar!/META-INF/MANIFEST.MF
20:43:29.131 [main] INFO org.springframework.cloud.function.utils.FunctionClassUtils -- Searching for start class in manifest: jar:file:/C:/Users/yiyli/.m2/repository/org/apache/maven/surefire/common-java5/3.1.2/common-java5-3.1.2.jar!/META-INF/MANIFEST.MF
20:43:29.131 [main] INFO org.springframework.cloud.function.utils.FunctionClassUtils -- Searching for start class in manifest: jar:file:/C:/Users/yiyli/.m2/repository/org/junit/platform/junit-platform-launcher/1.10.2/junit-platform-launcher-1.10.2.jar!/META-INF/MANIFEST.MF
]]></system-out>
  </testcase>
</testsuite>