<?xml version="1.0" encoding="UTF-8"?>
<testsuite xmlns:xsi="http://www.w3.org/2001/XMLSchema-instance" xsi:noNamespaceSchemaLocation="https://maven.apache.org/surefire/maven-surefire-plugin/xsd/surefire-test-report-3.0.xsd" version="3.0" name="com.javatechie.function.CourseFunctionTest" time="2.282" tests="5" errors="5" skipped="0" failures="0">
  <properties>
[...]
</properties>
  <testcase name="deleteCourse_WhenExists_ShouldReturnNoContent" classname="com.javatechie.function.CourseFunctionTest" time="2.139">
    <error message="Cannot invoke &quot;java.util.logging.Logger.info(String)&quot; because the return value of &quot;com.microsoft.azure.functions.ExecutionContext.getLogger()&quot; is null" type="java.lang.NullPointerException"><![CDATA[java.lang.NullPointerException: Cannot invoke "java.util.logging.Logger.info(String)" because the return value of "com.microsoft.azure.functions.ExecutionContext.getLogger()" is null
	at com.javatechie.function.CourseFunction.deleteCourse(CourseFunction.java:134)
	at com.javatechie.function.CourseFunctionTest.deleteCourse_WhenExists_ShouldReturnNoContent(CourseFunctionTest.java:140)
	at java.base/java.lang.reflect.Method.invoke(Method.java:580)
	at java.base/java.util.ArrayList.forEach(ArrayList.java:1596)
	at java.base/java.util.ArrayList.forEach(ArrayList.java:1596)
]]></error>
    <system-err><![CDATA[WARNING: A Java agent has been loaded dynamically (C:\Users\yiyli\.m2\repository\net\bytebuddy\byte-buddy-agent\1.14.16\byte-buddy-agent-1.14.16.jar)
WARNING: If a serviceability tool is in use, please run with -XX:+EnableDynamicAgentLoading to hide this warning
WARNING: If a serviceability tool is not in use, please run with -Djdk.instrument.traceUsage for more information
WARNING: Dynamic loading of agents will be disallowed by default in a future release
]]></system-err>
  </testcase>
  <testcase name="createCourse_ShouldReturnCreatedWithCourse" classname="com.javatechie.function.CourseFunctionTest" time="0.03">
    <error message="Cannot invoke &quot;java.util.logging.Logger.info(String)&quot; because the return value of &quot;com.microsoft.azure.functions.ExecutionContext.getLogger()&quot; is null" type="java.lang.NullPointerException"><![CDATA[java.lang.NullPointerException: Cannot invoke "java.util.logging.Logger.info(String)" because the return value of "com.microsoft.azure.functions.ExecutionContext.getLogger()" is null
	at com.javatechie.function.CourseFunction.createCourse(CourseFunction.java:81)
	at com.javatechie.function.CourseFunctionTest.createCourse_ShouldReturnCreatedWithCourse(CourseFunctionTest.java:100)
	at java.base/java.lang.reflect.Method.invoke(Method.java:580)
	at java.base/java.util.ArrayList.forEach(ArrayList.java:1596)
	at java.base/java.util.ArrayList.forEach(ArrayList.java:1596)
]]></error>
  </testcase>
  <testcase name="getCourseById_WhenExists_ShouldReturnOkWithCourse" classname="com.javatechie.function.CourseFunctionTest" time="0.013">
    <error message="Cannot invoke &quot;java.util.logging.Logger.info(String)&quot; because the return value of &quot;com.microsoft.azure.functions.ExecutionContext.getLogger()&quot; is null" type="java.lang.NullPointerException"><![CDATA[java.lang.NullPointerException: Cannot invoke "java.util.logging.Logger.info(String)" because the return value of "com.microsoft.azure.functions.ExecutionContext.getLogger()" is null
	at com.javatechie.function.CourseFunction.getCourseById(CourseFunction.java:49)
	at com.javatechie.function.CourseFunctionTest.getCourseById_WhenExists_ShouldReturnOkWithCourse(CourseFunctionTest.java:78)
	at java.base/java.lang.reflect.Method.invoke(Method.java:580)
	at java.base/java.util.ArrayList.forEach(ArrayList.java:1596)
	at java.base/java.util.ArrayList.forEach(ArrayList.java:1596)
]]></error>
  </testcase>
  <testcase name="getAllCourses_ShouldReturnOkWithCourses" classname="com.javatechie.function.CourseFunctionTest" time="0.008">
    <error message="Cannot invoke &quot;java.util.logging.Logger.info(String)&quot; because the return value of &quot;com.microsoft.azure.functions.ExecutionContext.getLogger()&quot; is null" type="java.lang.NullPointerException"><![CDATA[java.lang.NullPointerException: Cannot invoke "java.util.logging.Logger.info(String)" because the return value of "com.microsoft.azure.functions.ExecutionContext.getLogger()" is null
	at com.javatechie.function.CourseFunction.getAllCourses(CourseFunction.java:29)
	at com.javatechie.function.CourseFunctionTest.getAllCourses_ShouldReturnOkWithCourses(CourseFunctionTest.java:57)
	at java.base/java.lang.reflect.Method.invoke(Method.java:580)
	at java.base/java.util.ArrayList.forEach(ArrayList.java:1596)
	at java.base/java.util.ArrayList.forEach(ArrayList.java:1596)
]]></error>
  </testcase>
  <testcase name="updateCourse_WhenExists_ShouldReturnOkWithUpdatedCourse" classname="com.javatechie.function.CourseFunctionTest" time="0.023">
    <error message="Cannot invoke &quot;java.util.logging.Logger.info(String)&quot; because the return value of &quot;com.microsoft.azure.functions.ExecutionContext.getLogger()&quot; is null" type="java.lang.NullPointerException"><![CDATA[java.lang.NullPointerException: Cannot invoke "java.util.logging.Logger.info(String)" because the return value of "com.microsoft.azure.functions.ExecutionContext.getLogger()" is null
	at com.javatechie.function.CourseFunction.updateCourse(CourseFunction.java:108)
	at com.javatechie.function.CourseFunctionTest.updateCourse_WhenExists_ShouldReturnOkWithUpdatedCourse(CourseFunctionTest.java:122)
	at java.base/java.lang.reflect.Method.invoke(Method.java:580)
	at java.base/java.util.ArrayList.forEach(ArrayList.java:1596)
	at java.base/java.util.ArrayList.forEach(ArrayList.java:1596)
]]></error>
  </testcase>
</testsuite>